<?xml version="1.0" encoding="UTF-8"?>
<testng-results skipped="0" failed="0" total="1" passed="1">
  <reporter-output>
  </reporter-output>
  <suite name="Default suite" duration-ms="51258" started-at="2019-06-03T11:48:14Z" finished-at="2019-06-03T11:49:05Z">
    <groups>
    </groups>
    <test name="Default test" duration-ms="51258" started-at="2019-06-03T11:48:14Z" finished-at="2019-06-03T11:49:05Z">
      <class name="org.abk.crm.testcases.TestCase1">
        <test-method status="PASS" signature="setUp()[pri:0, instance:org.abk.crm.testcases.TestCase1@6b71769e]" name="setUp" is-config="true" duration-ms="37860" started-at="2019-06-03T17:18:14Z" finished-at="2019-06-03T17:18:52Z">
          <reporter-output>
          </reporter-output>
        </test-method> <!-- setUp -->
        <test-method status="PASS" signature="testCase1()[pri:0, instance:org.abk.crm.testcases.TestCase1@6b71769e]" name="testCase1" duration-ms="13376" started-at="2019-06-03T17:18:52Z" finished-at="2019-06-03T17:19:05Z">
          <reporter-output>
          </reporter-output>
        </test-method> <!-- testCase1 -->
      </class> <!-- org.abk.crm.testcases.TestCase1 -->
    </test> <!-- Default test -->
  </suite> <!-- Default suite -->
</testng-results>
