<?xml version="1.0" encoding="UTF-8"?>
<testng-results skipped="0" failed="0" total="1" passed="1">
  <reporter-output>
  </reporter-output>
  <suite name="Default suite" duration-ms="17976" started-at="2019-06-01T12:37:52Z" finished-at="2019-06-01T12:38:10Z">
    <groups>
    </groups>
    <test name="Default test" duration-ms="17976" started-at="2019-06-01T12:37:52Z" finished-at="2019-06-01T12:38:10Z">
      <class name="org.abk.crm.testcases.TestCase1">
        <test-method status="PASS" signature="setUp()[pri:0, instance:org.abk.crm.testcases.TestCase1@6b71769e]" name="setUp" is-config="true" duration-ms="11548" started-at="2019-06-01T18:07:52Z" finished-at="2019-06-01T18:08:04Z">
          <reporter-output>
          </reporter-output>
        </test-method> <!-- setUp -->
        <test-method status="PASS" signature="testCase1()[pri:0, instance:org.abk.crm.testcases.TestCase1@6b71769e]" name="testCase1" duration-ms="6412" started-at="2019-06-01T18:08:04Z" finished-at="2019-06-01T18:08:10Z">
          <reporter-output>
          </reporter-output>
        </test-method> <!-- testCase1 -->
      </class> <!-- org.abk.crm.testcases.TestCase1 -->
    </test> <!-- Default test -->
  </suite> <!-- Default suite -->
</testng-results>
